<?xml version="1.0" encoding="UTF-8"?>
<!-- Generated by org.testng.reporters.JUnitReportReporter -->
<testsuite skipped="0" hostname="Dell-PC" name="Package1.smoke1" tests="1" failures="0" timestamp="25 Aug 2020 18:44:00 GMT" time="0.005" errors="0">
  <testcase name="m3" time="0.005" classname="Package1.smoke1"/>
</testsuite> <!-- Package1.smoke1 -->
