<?xml version="1.0" encoding="UTF-8"?>
<!-- Generated by org.testng.reporters.JUnitReportReporter -->
<testsuite skipped="0" hostname="Dell-PC" name="Package1.Smoke" tests="1" failures="0" timestamp="25 Aug 2020 18:49:12 GMT" time="0.010" errors="0">
  <testcase name="m1" time="0.010" classname="Package1.Smoke"/>
</testsuite> <!-- Package1.Smoke -->
