<?xml version="1.0" encoding="UTF-8"?>
<!-- Generated by org.testng.reporters.JUnitReportReporter -->
<testsuite skipped="0" hostname="Dell-PC" name="Package2.Sanity" tests="1" failures="0" timestamp="26 Aug 2020 06:01:17 GMT" time="0.011" errors="0">
  <testcase name="m2" time="0.011" classname="Package2.Sanity"/>
</testsuite> <!-- Package2.Sanity -->
